<?xml version="1.0" encoding="UTF-8"?>
<testng-results ignored="0" total="4" passed="4" failed="0" skipped="0">
  <reporter-output>
  </reporter-output>
  <suite started-at="2024-08-23T17:00:17 IST" name="Default suite" finished-at="2024-08-23T17:21:12 IST" duration-ms="1255088">
    <groups>
    </groups>
    <test started-at="2024-08-23T17:00:17 IST" name="Default test" finished-at="2024-08-23T17:21:12 IST" duration-ms="1255088">
      <class name="Client_Project.ApplicationCreation">
        <test-method is-config="true" signature="launchApplication()[pri:0, instance:Client_Project.ApplicationCreation@712625fd]" started-at="2024-08-23T17:00:09 IST" name="launchApplication" finished-at="2024-08-23T17:00:17 IST" duration-ms="8059" status="PASS">
          <reporter-output>
          </reporter-output>
        </test-method> <!-- launchApplication -->
        <test-method signature="LoginPage(java.lang.String,java.lang.String)[pri:1, instance:Client_Project.ApplicationCreation@712625fd]" started-at="2024-08-23T17:00:18 IST" name="LoginPage" data-provider="getLoginData" finished-at="2024-08-23T17:00:21 IST" duration-ms="2868" status="PASS">
          <params>
            <param index="0">
              <value>
                <![CDATA[unnati.mokal@rblbank.com.uat]]>
              </value>
            </param>
            <param index="1">
              <value>
                <![CDATA[Welcome#123]]>
              </value>
            </param>
          </params>
          <reporter-output>
          </reporter-output>
        </test-method> <!-- LoginPage -->
        <test-method signature="CreateApp1(java.lang.String,java.lang.String,java.lang.String,java.lang.String,java.lang.String,java.lang.String,java.lang.String,java.lang.String,java.lang.String,java.lang.String,java.lang.String,java.lang.String,java.lang.String,java.lang.String,java.lang.String,java.lang.String,java.lang.String,java.lang.String,java.lang.String,java.lang.String,java.lang.String,java.lang.String,java.lang.String,java.lang.String,java.lang.String,java.lang.String,java.lang.String,java.lang.String,java.lang.String,java.lang.String,java.lang.String,java.lang.String,java.lang.String,java.lang.String,java.lang.String,java.lang.String,java.lang.String,java.lang.String,java.lang.String,java.lang.String,java.lang.String,java.lang.String,java.lang.String,java.lang.String,java.lang.String,java.lang.String,java.lang.String,java.lang.String,java.lang.String)[pri:2, instance:Client_Project.ApplicationCreation@712625fd]" started-at="2024-08-23T17:00:21 IST" name="CreateApp1" data-provider="gettestData" finished-at="2024-08-23T17:07:21 IST" depends-on-methods="Client_Project.ApplicationCreation.LoginPage" duration-ms="419977" status="PASS">
          <params>
            <param index="0">
              <value>
                <![CDATA[L-002532]]>
              </value>
            </param>
            <param index="1">
              <value>
                <![CDATA[DEASINGA]]>
              </value>
            </param>
            <param index="2">
              <value>
                <![CDATA[100000]]>
              </value>
            </param>
            <param index="3">
              <value>
                <![CDATA[36]]>
              </value>
            </param>
            <param index="4">
              <value>
                <![CDATA[1000]]>
              </value>
            </param>
            <param index="5">
              <value>
                <![CDATA[Salaried]]>
              </value>
            </param>
            <param index="6">
              <value>
                <![CDATA[Individual Cash salaried]]>
              </value>
            </param>
            <param index="7">
              <value>
                <![CDATA[Mr.]]>
              </value>
            </param>
            <param index="8">
              <value>
                <![CDATA[22-Jul-2000]]>
              </value>
            </param>
            <param index="9">
              <value>
                <![CDATA[Voter]]>
              </value>
            </param>
            <param index="10">
              <value>
                <![CDATA[IUE2360229]]>
              </value>
            </param>
            <param index="11">
              <value>
                <![CDATA[Married]]>
              </value>
            </param>
            <param index="12">
              <value>
                <![CDATA[abc]]>
              </value>
            </param>
            <param index="13">
              <value>
                <![CDATA[xyz]]>
              </value>
            </param>
            <param index="14">
              <value>
                <![CDATA[Voter]]>
              </value>
            </param>
            <param index="15">
              <value>
                <![CDATA[addone]]>
              </value>
            </param>
            <param index="16">
              <value>
                <![CDATA[addtwo]]>
              </value>
            </param>
            <param index="17">
              <value>
                <![CDATA[410206]]>
              </value>
            </param>
            <param index="18">
              <value>
                <![CDATA[Same as Permanent Address]]>
              </value>
            </param>
            <param index="19">
              <value>
                <![CDATA[baddone]]>
              </value>
            </param>
            <param index="20">
              <value>
                <![CDATA[baddtwo]]>
              </value>
            </param>
            <param index="21">
              <value>
                <![CDATA[LandMark]]>
              </value>
            </param>
            <param index="22">
              <value>
                <![CDATA[410208]]>
              </value>
            </param>
            <param index="23">
              <value>
                <![CDATA[Same as Current Address]]>
              </value>
            </param>
            <param index="24">
              <value>
                <![CDATA[Hindu]]>
              </value>
            </param>
            <param index="25">
              <value>
                <![CDATA[OBC]]>
              </value>
            </param>
            <param index="26">
              <value>
                <![CDATA[Graduate]]>
              </value>
            </param>
            <param index="27">
              <value>
                <![CDATA[Salaried]]>
              </value>
            </param>
            <param index="28">
              <value>
                <![CDATA[Private Ltd]]>
              </value>
            </param>
            <param index="29">
              <value>
                <![CDATA[Private]]>
              </value>
            </param>
            <param index="30">
              <value>
                <![CDATA[31_311-Private Banks]]>
              </value>
            </param>
            <param index="31">
              <value>
                <![CDATA[Owned]]>
              </value>
            </param>
            <param index="32">
              <value>
                <![CDATA[Yes]]>
              </value>
            </param>
            <param index="33">
              <value>
                <![CDATA[Greater than 10 Years]]>
              </value>
            </param>
            <param index="34">
              <value>
                <![CDATA[30]]>
              </value>
            </param>
            <param index="35">
              <value>
                <![CDATA[60]]>
              </value>
            </param>
            <param index="36">
              <value>
                <![CDATA[100000]]>
              </value>
            </param>
            <param index="37">
              <value>
                <![CDATA[10-50 lakh]]>
              </value>
            </param>
            <param index="38">
              <value>
                <![CDATA[TestOne]]>
              </value>
            </param>
            <param index="39">
              <value>
                <![CDATA[01/01/2008]]>
              </value>
            </param>
            <param index="40">
              <value>
                <![CDATA[10-25 Lakh]]>
              </value>
            </param>
            <param index="41">
              <value>
                <![CDATA[Motorcycle]]>
              </value>
            </param>
            <param index="42">
              <value>
                <![CDATA[Retro Factory]]>
              </value>
            </param>
            <param index="43">
              <value>
                <![CDATA[120000]]>
              </value>
            </param>
            <param index="44">
              <value>
                <![CDATA[10000]]>
              </value>
            </param>
            <param index="45">
              <value>
                <![CDATA[1000]]>
              </value>
            </param>
            <param index="46">
              <value>
                <![CDATA[0]]>
              </value>
            </param>
            <param index="47">
              <value>
                <![CDATA[0]]>
              </value>
            </param>
            <param index="48">
              <value>
                <![CDATA[Hunter 350]]>
              </value>
            </param>
          </params>
          <reporter-output>
          </reporter-output>
        </test-method> <!-- CreateApp1 -->
        <test-method signature="CreateApp1(java.lang.String,java.lang.String,java.lang.String,java.lang.String,java.lang.String,java.lang.String,java.lang.String,java.lang.String,java.lang.String,java.lang.String,java.lang.String,java.lang.String,java.lang.String,java.lang.String,java.lang.String,java.lang.String,java.lang.String,java.lang.String,java.lang.String,java.lang.String,java.lang.String,java.lang.String,java.lang.String,java.lang.String,java.lang.String,java.lang.String,java.lang.String,java.lang.String,java.lang.String,java.lang.String,java.lang.String,java.lang.String,java.lang.String,java.lang.String,java.lang.String,java.lang.String,java.lang.String,java.lang.String,java.lang.String,java.lang.String,java.lang.String,java.lang.String,java.lang.String,java.lang.String,java.lang.String,java.lang.String,java.lang.String,java.lang.String,java.lang.String)[pri:2, instance:Client_Project.ApplicationCreation@712625fd]" started-at="2024-08-23T17:07:21 IST" name="CreateApp1" data-provider="gettestData" finished-at="2024-08-23T17:14:09 IST" depends-on-methods="Client_Project.ApplicationCreation.LoginPage" duration-ms="408437" status="PASS">
          <params>
            <param index="0">
              <value>
                <![CDATA[L-002539]]>
              </value>
            </param>
            <param index="1">
              <value>
                <![CDATA[DEASINGA]]>
              </value>
            </param>
            <param index="2">
              <value>
                <![CDATA[100000]]>
              </value>
            </param>
            <param index="3">
              <value>
                <![CDATA[36]]>
              </value>
            </param>
            <param index="4">
              <value>
                <![CDATA[1000]]>
              </value>
            </param>
            <param index="5">
              <value>
                <![CDATA[Salaried]]>
              </value>
            </param>
            <param index="6">
              <value>
                <![CDATA[Individual Cash salaried]]>
              </value>
            </param>
            <param index="7">
              <value>
                <![CDATA[Mr.]]>
              </value>
            </param>
            <param index="8">
              <value>
                <![CDATA[22-Jul-2000]]>
              </value>
            </param>
            <param index="9">
              <value>
                <![CDATA[Voter]]>
              </value>
            </param>
            <param index="10">
              <value>
                <![CDATA[KEW2260615]]>
              </value>
            </param>
            <param index="11">
              <value>
                <![CDATA[Married]]>
              </value>
            </param>
            <param index="12">
              <value>
                <![CDATA[abc]]>
              </value>
            </param>
            <param index="13">
              <value>
                <![CDATA[xyz]]>
              </value>
            </param>
            <param index="14">
              <value>
                <![CDATA[Voter]]>
              </value>
            </param>
            <param index="15">
              <value>
                <![CDATA[addone]]>
              </value>
            </param>
            <param index="16">
              <value>
                <![CDATA[addtwo]]>
              </value>
            </param>
            <param index="17">
              <value>
                <![CDATA[410206]]>
              </value>
            </param>
            <param index="18">
              <value>
                <![CDATA[Same as Permanent Address]]>
              </value>
            </param>
            <param index="19">
              <value>
                <![CDATA[baddone]]>
              </value>
            </param>
            <param index="20">
              <value>
                <![CDATA[baddtwo]]>
              </value>
            </param>
            <param index="21">
              <value>
                <![CDATA[LandMark]]>
              </value>
            </param>
            <param index="22">
              <value>
                <![CDATA[410208]]>
              </value>
            </param>
            <param index="23">
              <value>
                <![CDATA[Same as Current Address]]>
              </value>
            </param>
            <param index="24">
              <value>
                <![CDATA[Hindu]]>
              </value>
            </param>
            <param index="25">
              <value>
                <![CDATA[OBC]]>
              </value>
            </param>
            <param index="26">
              <value>
                <![CDATA[Graduate]]>
              </value>
            </param>
            <param index="27">
              <value>
                <![CDATA[Salaried]]>
              </value>
            </param>
            <param index="28">
              <value>
                <![CDATA[Private Ltd]]>
              </value>
            </param>
            <param index="29">
              <value>
                <![CDATA[Private]]>
              </value>
            </param>
            <param index="30">
              <value>
                <![CDATA[31_311-Private Banks]]>
              </value>
            </param>
            <param index="31">
              <value>
                <![CDATA[Owned]]>
              </value>
            </param>
            <param index="32">
              <value>
                <![CDATA[Yes]]>
              </value>
            </param>
            <param index="33">
              <value>
                <![CDATA[Greater than 10 Years]]>
              </value>
            </param>
            <param index="34">
              <value>
                <![CDATA[30]]>
              </value>
            </param>
            <param index="35">
              <value>
                <![CDATA[60]]>
              </value>
            </param>
            <param index="36">
              <value>
                <![CDATA[100000]]>
              </value>
            </param>
            <param index="37">
              <value>
                <![CDATA[10-50 lakh]]>
              </value>
            </param>
            <param index="38">
              <value>
                <![CDATA[TestOne]]>
              </value>
            </param>
            <param index="39">
              <value>
                <![CDATA[01/01/2008]]>
              </value>
            </param>
            <param index="40">
              <value>
                <![CDATA[10-25 Lakh]]>
              </value>
            </param>
            <param index="41">
              <value>
                <![CDATA[Motorcycle]]>
              </value>
            </param>
            <param index="42">
              <value>
                <![CDATA[Retro Factory]]>
              </value>
            </param>
            <param index="43">
              <value>
                <![CDATA[120000]]>
              </value>
            </param>
            <param index="44">
              <value>
                <![CDATA[10000]]>
              </value>
            </param>
            <param index="45">
              <value>
                <![CDATA[1000]]>
              </value>
            </param>
            <param index="46">
              <value>
                <![CDATA[0]]>
              </value>
            </param>
            <param index="47">
              <value>
                <![CDATA[0]]>
              </value>
            </param>
            <param index="48">
              <value>
                <![CDATA[Hunter 350]]>
              </value>
            </param>
          </params>
          <reporter-output>
          </reporter-output>
        </test-method> <!-- CreateApp1 -->
        <test-method signature="CreateApp1(java.lang.String,java.lang.String,java.lang.String,java.lang.String,java.lang.String,java.lang.String,java.lang.String,java.lang.String,java.lang.String,java.lang.String,java.lang.String,java.lang.String,java.lang.String,java.lang.String,java.lang.String,java.lang.String,java.lang.String,java.lang.String,java.lang.String,java.lang.String,java.lang.String,java.lang.String,java.lang.String,java.lang.String,java.lang.String,java.lang.String,java.lang.String,java.lang.String,java.lang.String,java.lang.String,java.lang.String,java.lang.String,java.lang.String,java.lang.String,java.lang.String,java.lang.String,java.lang.String,java.lang.String,java.lang.String,java.lang.String,java.lang.String,java.lang.String,java.lang.String,java.lang.String,java.lang.String,java.lang.String,java.lang.String,java.lang.String,java.lang.String)[pri:2, instance:Client_Project.ApplicationCreation@712625fd]" started-at="2024-08-23T17:14:09 IST" name="CreateApp1" data-provider="gettestData" finished-at="2024-08-23T17:21:12 IST" depends-on-methods="Client_Project.ApplicationCreation.LoginPage" duration-ms="422807" status="PASS">
          <params>
            <param index="0">
              <value>
                <![CDATA[L-002540]]>
              </value>
            </param>
            <param index="1">
              <value>
                <![CDATA[DEASINGA]]>
              </value>
            </param>
            <param index="2">
              <value>
                <![CDATA[100000]]>
              </value>
            </param>
            <param index="3">
              <value>
                <![CDATA[36]]>
              </value>
            </param>
            <param index="4">
              <value>
                <![CDATA[1000]]>
              </value>
            </param>
            <param index="5">
              <value>
                <![CDATA[Salaried]]>
              </value>
            </param>
            <param index="6">
              <value>
                <![CDATA[Individual Cash salaried]]>
              </value>
            </param>
            <param index="7">
              <value>
                <![CDATA[Mr.]]>
              </value>
            </param>
            <param index="8">
              <value>
                <![CDATA[22-Jul-2000]]>
              </value>
            </param>
            <param index="9">
              <value>
                <![CDATA[Voter]]>
              </value>
            </param>
            <param index="10">
              <value>
                <![CDATA[OWS2260651]]>
              </value>
            </param>
            <param index="11">
              <value>
                <![CDATA[Married]]>
              </value>
            </param>
            <param index="12">
              <value>
                <![CDATA[abc]]>
              </value>
            </param>
            <param index="13">
              <value>
                <![CDATA[xyz]]>
              </value>
            </param>
            <param index="14">
              <value>
                <![CDATA[Voter]]>
              </value>
            </param>
            <param index="15">
              <value>
                <![CDATA[addone]]>
              </value>
            </param>
            <param index="16">
              <value>
                <![CDATA[addtwo]]>
              </value>
            </param>
            <param index="17">
              <value>
                <![CDATA[410206]]>
              </value>
            </param>
            <param index="18">
              <value>
                <![CDATA[Same as Permanent Address]]>
              </value>
            </param>
            <param index="19">
              <value>
                <![CDATA[baddone]]>
              </value>
            </param>
            <param index="20">
              <value>
                <![CDATA[baddtwo]]>
              </value>
            </param>
            <param index="21">
              <value>
                <![CDATA[LandMark]]>
              </value>
            </param>
            <param index="22">
              <value>
                <![CDATA[410208]]>
              </value>
            </param>
            <param index="23">
              <value>
                <![CDATA[Same as Current Address]]>
              </value>
            </param>
            <param index="24">
              <value>
                <![CDATA[Hindu]]>
              </value>
            </param>
            <param index="25">
              <value>
                <![CDATA[OBC]]>
              </value>
            </param>
            <param index="26">
              <value>
                <![CDATA[Graduate]]>
              </value>
            </param>
            <param index="27">
              <value>
                <![CDATA[Salaried]]>
              </value>
            </param>
            <param index="28">
              <value>
                <![CDATA[Private Ltd]]>
              </value>
            </param>
            <param index="29">
              <value>
                <![CDATA[Private]]>
              </value>
            </param>
            <param index="30">
              <value>
                <![CDATA[31_311-Private Banks]]>
              </value>
            </param>
            <param index="31">
              <value>
                <![CDATA[Owned]]>
              </value>
            </param>
            <param index="32">
              <value>
                <![CDATA[Yes]]>
              </value>
            </param>
            <param index="33">
              <value>
                <![CDATA[Greater than 10 Years]]>
              </value>
            </param>
            <param index="34">
              <value>
                <![CDATA[30]]>
              </value>
            </param>
            <param index="35">
              <value>
                <![CDATA[60]]>
              </value>
            </param>
            <param index="36">
              <value>
                <![CDATA[100000]]>
              </value>
            </param>
            <param index="37">
              <value>
                <![CDATA[10-50 lakh]]>
              </value>
            </param>
            <param index="38">
              <value>
                <![CDATA[TestOne]]>
              </value>
            </param>
            <param index="39">
              <value>
                <![CDATA[01/01/2008]]>
              </value>
            </param>
            <param index="40">
              <value>
                <![CDATA[10-25 Lakh]]>
              </value>
            </param>
            <param index="41">
              <value>
                <![CDATA[Motorcycle]]>
              </value>
            </param>
            <param index="42">
              <value>
                <![CDATA[Retro Factory]]>
              </value>
            </param>
            <param index="43">
              <value>
                <![CDATA[120000]]>
              </value>
            </param>
            <param index="44">
              <value>
                <![CDATA[10000]]>
              </value>
            </param>
            <param index="45">
              <value>
                <![CDATA[1000]]>
              </value>
            </param>
            <param index="46">
              <value>
                <![CDATA[0]]>
              </value>
            </param>
            <param index="47">
              <value>
                <![CDATA[0]]>
              </value>
            </param>
            <param index="48">
              <value>
                <![CDATA[Hunter 350]]>
              </value>
            </param>
          </params>
          <reporter-output>
          </reporter-output>
        </test-method> <!-- CreateApp1 -->
        <test-method is-config="true" signature="tearDown()[pri:0, instance:Client_Project.ApplicationCreation@712625fd]" started-at="2024-08-23T17:21:12 IST" name="tearDown" finished-at="2024-08-23T17:21:13 IST" duration-ms="669" status="PASS">
          <reporter-output>
          </reporter-output>
        </test-method> <!-- tearDown -->
      </class> <!-- Client_Project.ApplicationCreation -->
    </test> <!-- Default test -->
  </suite> <!-- Default suite -->
</testng-results>
